# JRE version: OpenJDK Runtime Environment (17.0.7) (build 17.0.7+0-b2043.56-10550314)
# Java VM: OpenJDK 64-Bit Server VM (17.0.7+0-b2043.56-10550314, mixed mode, tiered, compressed oops, compressed class ptrs, g1 gc, windows-amd64)
GC Precious Log:
 CPUs: 6 total, 6 available
 Memory: 7549M
 Large Page Support: Disabled
 NUMA Support: Disabled
 Compressed Oops: Enabled (32-bit)
 Heap Region Size: 1M
 Heap Min Capacity: 8M
 Heap Initial Capacity: 118M
 Heap Max Capacity: 2G
 Pre-touch: Disabled
 Parallel Workers: 6
 Concurrent Workers: 2
 Concurrent Refinement Workers: 6
 Periodic GC: Disabled
Heap:
 garbage-first heap   total 177152K, used 112516K [0x0000000080000000, 0x0000000100000000)
  region size 1024K, 8 young (8192K), 4 survivors (4096K)
 Metaspace       used 95293K, committed 95936K, reserved 1179648K
  class space    used 12763K, committed 13056K, reserved 1048576K
GC Heap History (20 events):
Event: 18.837 GC heap before
{Heap before GC invocations=31 (full 0):
 garbage-first heap   total 147456K, used 95475K [0x0000000080000000, 0x0000000100000000)
  region size 1024K, 32 young (32768K), 6 survivors (6144K)
 Metaspace       used 83266K, committed 83840K, reserved 1179648K
  class space    used 11157K, committed 11456K, reserved 1048576K
}
Event: 18.848 GC heap after
{Heap after GC invocations=32 (full 0):
 garbage-first heap   total 177152K, used 72492K [0x0000000080000000, 0x0000000100000000)
  region size 1024K, 6 young (6144K), 6 survivors (6144K)
 Metaspace       used 83266K, committed 83840K, reserved 1179648K
  class space    used 11157K, committed 11456K, reserved 1048576K
}
Event: 19.992 GC heap before
{Heap before GC invocations=33 (full 0):
 garbage-first heap   total 177152K, used 133932K [0x0000000080000000, 0x0000000100000000)
  region size 1024K, 66 young (67584K), 6 survivors (6144K)
 Metaspace       used 85303K, committed 85824K, reserved 1179648K
  class space    used 11549K, committed 11776K, reserved 1048576K
}
Event: 20.009 GC heap after
{Heap after GC invocations=34 (full 0):
 garbage-first heap   total 177152K, used 80910K [0x0000000080000000, 0x0000000100000000)
  region size 1024K, 9 young (9216K), 9 survivors (9216K)
 Metaspace       used 85303K, committed 85824K, reserved 1179648K
  class space    used 11549K, committed 11776K, reserved 1048576K
}
Event: 21.099 GC heap before
{Heap before GC invocations=34 (full 0):
 garbage-first heap   total 177152K, used 135182K [0x0000000080000000, 0x0000000100000000)
  region size 1024K, 63 young (64512K), 9 survivors (9216K)
 Metaspace       used 86266K, committed 86848K, reserved 1179648K
  class space    used 11703K, committed 11968K, reserved 1048576K
}
Event: 21.113 GC heap after
{Heap after GC invocations=35 (full 0):
 garbage-first heap   total 177152K, used 86049K [0x0000000080000000, 0x0000000100000000)
  region size 1024K, 5 young (5120K), 5 survivors (5120K)
 Metaspace       used 86266K, committed 86848K, reserved 1179648K
  class space    used 11703K, committed 11968K, reserved 1048576K
}
Event: 21.952 GC heap before
{Heap before GC invocations=35 (full 0):
 garbage-first heap   total 177152K, used 138273K [0x0000000080000000, 0x0000000100000000)
  region size 1024K, 57 young (58368K), 5 survivors (5120K)
 Metaspace       used 88244K, committed 88832K, reserved 1179648K
  class space    used 11976K, committed 12224K, reserved 1048576K
}
Event: 21.963 GC heap after
{Heap after GC invocations=36 (full 0):
 garbage-first heap   total 177152K, used 88805K [0x0000000080000000, 0x0000000100000000)
  region size 1024K, 8 young (8192K), 8 survivors (8192K)
 Metaspace       used 88244K, committed 88832K, reserved 1179648K
  class space    used 11976K, committed 12224K, reserved 1048576K
}
Event: 23.194 GC heap before
{Heap before GC invocations=37 (full 0):
 garbage-first heap   total 177152K, used 140005K [0x0000000080000000, 0x0000000100000000)
  region size 1024K, 59 young (60416K), 8 survivors (8192K)
 Metaspace       used 92832K, committed 93440K, reserved 1179648K
  class space    used 12547K, committed 12800K, reserved 1048576K
}
Event: 23.205 GC heap after
{Heap after GC invocations=38 (full 0):
 garbage-first heap   total 177152K, used 93204K [0x0000000080000000, 0x0000000100000000)
  region size 1024K, 8 young (8192K), 8 survivors (8192K)
 Metaspace       used 92832K, committed 93440K, reserved 1179648K
  class space    used 12547K, committed 12800K, reserved 1048576K
}
Event: 23.211 GC heap before
{Heap before GC invocations=38 (full 0):
 garbage-first heap   total 177152K, used 94228K [0x0000000080000000, 0x0000000100000000)
  region size 1024K, 9 young (9216K), 8 survivors (8192K)
 Metaspace       used 92832K, committed 93440K, reserved 1179648K
  class space    used 12547K, committed 12800K, reserved 1048576K
}
Event: 23.221 GC heap after
{Heap after GC invocations=39 (full 0):
 garbage-first heap   total 177152K, used 94687K [0x0000000080000000, 0x0000000100000000)
  region size 1024K, 2 young (2048K), 2 survivors (2048K)
 Metaspace       used 92832K, committed 93440K, reserved 1179648K
  class space    used 12547K, committed 12800K, reserved 1048576K
}
Event: 73.757 GC heap before
{Heap before GC invocations=39 (full 0):
 garbage-first heap   total 177152K, used 141791K [0x0000000080000000, 0x0000000100000000)
  region size 1024K, 49 young (50176K), 2 survivors (2048K)
 Metaspace       used 93840K, committed 94400K, reserved 1179648K
  class space    used 12675K, committed 12928K, reserved 1048576K
}
Event: 74.089 GC heap after
{Heap after GC invocations=40 (full 0):
 garbage-first heap   total 177152K, used 95809K [0x0000000080000000, 0x0000000100000000)
  region size 1024K, 3 young (3072K), 3 survivors (3072K)
 Metaspace       used 93840K, committed 94400K, reserved 1179648K
  class space    used 12675K, committed 12928K, reserved 1048576K
}
Event: 634.601 GC heap before
{Heap before GC invocations=41 (full 0):
 garbage-first heap   total 177152K, used 143937K [0x0000000080000000, 0x0000000100000000)
  region size 1024K, 51 young (52224K), 3 survivors (3072K)
 Metaspace       used 94569K, committed 95168K, reserved 1179648K
  class space    used 12685K, committed 12992K, reserved 1048576K
}
Event: 634.667 GC heap after
{Heap after GC invocations=42 (full 0):
 garbage-first heap   total 177152K, used 100467K [0x0000000080000000, 0x0000000100000000)
  region size 1024K, 7 young (7168K), 7 survivors (7168K)
 Metaspace       used 94569K, committed 95168K, reserved 1179648K
  class space    used 12685K, committed 12992K, reserved 1048576K
}
Event: 634.722 GC heap before
{Heap before GC invocations=42 (full 0):
 garbage-first heap   total 177152K, used 101491K [0x0000000080000000, 0x0000000100000000)
  region size 1024K, 8 young (8192K), 7 survivors (7168K)
 Metaspace       used 94588K, committed 95232K, reserved 1179648K
  class space    used 12685K, committed 12992K, reserved 1048576K
}
Event: 634.773 GC heap after
{Heap after GC invocations=43 (full 0):
 garbage-first heap   total 177152K, used 101195K [0x0000000080000000, 0x0000000100000000)
  region size 1024K, 1 young (1024K), 1 survivors (1024K)
 Metaspace       used 94588K, committed 95232K, reserved 1179648K
  class space    used 12685K, committed 12992K, reserved 1048576K
}
Event: 892.832 GC heap before
{Heap before GC invocations=43 (full 0):
 garbage-first heap   total 177152K, used 139083K [0x0000000080000000, 0x0000000100000000)
  region size 1024K, 40 young (40960K), 1 survivors (1024K)
 Metaspace       used 95086K, committed 95680K, reserved 1179648K
  class space    used 12722K, committed 12992K, reserved 1048576K
}
Event: 893.018 GC heap after
{Heap after GC invocations=44 (full 0):
 garbage-first heap   total 177152K, used 103300K [0x0000000080000000, 0x0000000100000000)
  region size 1024K, 4 young (4096K), 4 survivors (4096K)
 Metaspace       used 95086K, committed 95680K, reserved 1179648K
  class space    used 12722K, committed 12992K, reserved 1048576K
}

